# JRE version: OpenJDK Runtime Environment (8.0_202-b03) (build 1.8.0_202-release-1483-b03)
# Java VM: OpenJDK 64-Bit Server VM (25.202-b03 mixed mode windows-amd64 compressed oops)
Heap:
 PSYoungGen      total 180224K, used 11730K [0x00000000e0000000, 0x00000000f0400000, 0x0000000100000000)
  eden space 162816K, 7% used [0x00000000e0000000,0x00000000e0b749c8,0x00000000e9f00000)
  from space 17408K, 0% used [0x00000000ef300000,0x00000000ef300000,0x00000000f0400000)
  to   space 12800K, 0% used [0x00000000e9f00000,0x00000000e9f00000,0x00000000eab80000)
 ParOldGen       total 80384K, used 34285K [0x00000000a0000000, 0x00000000a4e80000, 0x00000000e0000000)
  object space 80384K, 42% used [0x00000000a0000000,0x00000000a217b460,0x00000000a4e80000)
 Metaspace       used 57452K, capacity 59092K, committed 59412K, reserved 1099776K
  class space    used 7781K, capacity 8205K, committed 8320K, reserved 1048576K
GC Heap History (10 events):
Event: 56.270 GC heap before
{Heap before GC invocations=9 (full 1):
 PSYoungGen      total 130048K, used 39273K [0x00000000e0000000, 0x00000000eb780000, 0x0000000100000000)
  eden space 118784K, 23% used [0x00000000e0000000,0x00000000e1bd10e0,0x00000000e7400000)
  from space 11264K, 95% used [0x00000000e7400000,0x00000000e7e89448,0x00000000e7f00000)
  to   space 12288K, 0% used [0x00000000eab80000,0x00000000eab80000,0x00000000eb780000)
 ParOldGen       total 62976K, used 10622K [0x00000000a0000000, 0x00000000a3d80000, 0x00000000e0000000)
  object space 62976K, 16% used [0x00000000a0000000,0x00000000a0a5fa68,0x00000000a3d80000)
 Metaspace       used 34583K, capacity 35202K, committed 35416K, reserved 1079296K
  class space    used 4753K, capacity 4938K, committed 4992K, reserved 1048576K
Event: 56.405 GC heap after
Heap after GC invocations=9 (full 1):
 PSYoungGen      total 175104K, used 9286K [0x00000000e0000000, 0x00000000ee180000, 0x0000000100000000)
  eden space 162816K, 0% used [0x00000000e0000000,0x00000000e0000000,0x00000000e9f00000)
  from space 12288K, 75% used [0x00000000eab80000,0x00000000eb491870,0x00000000eb780000)
  to   space 12800K, 0% used [0x00000000e9f00000,0x00000000e9f00000,0x00000000eab80000)
 ParOldGen       total 62976K, used 10630K [0x00000000a0000000, 0x00000000a3d80000, 0x00000000e0000000)
  object space 62976K, 16% used [0x00000000a0000000,0x00000000a0a61a68,0x00000000a3d80000)
 Metaspace       used 34583K, capacity 35202K, committed 35416K, reserved 1079296K
  class space    used 4753K, capacity 4938K, committed 4992K, reserved 1048576K
}
Event: 56.405 GC heap before
{Heap before GC invocations=10 (full 2):
 PSYoungGen      total 175104K, used 9286K [0x00000000e0000000, 0x00000000ee180000, 0x0000000100000000)
  eden space 162816K, 0% used [0x00000000e0000000,0x00000000e0000000,0x00000000e9f00000)
  from space 12288K, 75% used [0x00000000eab80000,0x00000000eb491870,0x00000000eb780000)
  to   space 12800K, 0% used [0x00000000e9f00000,0x00000000e9f00000,0x00000000eab80000)
 ParOldGen       total 62976K, used 10630K [0x00000000a0000000, 0x00000000a3d80000, 0x00000000e0000000)
  object space 62976K, 16% used [0x00000000a0000000,0x00000000a0a61a68,0x00000000a3d80000)
 Metaspace       used 34583K, capacity 35202K, committed 35416K, reserved 1079296K
  class space    used 4753K, capacity 4938K, committed 4992K, reserved 1048576K
Event: 56.740 GC heap after
Heap after GC invocations=10 (full 2):
 PSYoungGen      total 175104K, used 0K [0x00000000e0000000, 0x00000000ee180000, 0x0000000100000000)
  eden space 162816K, 0% used [0x00000000e0000000,0x00000000e0000000,0x00000000e9f00000)
  from space 12288K, 0% used [0x00000000eab80000,0x00000000eab80000,0x00000000eb780000)
  to   space 12800K, 0% used [0x00000000e9f00000,0x00000000e9f00000,0x00000000eab80000)
 ParOldGen       total 80384K, used 16216K [0x00000000a0000000, 0x00000000a4e80000, 0x00000000e0000000)
  object space 80384K, 20% used [0x00000000a0000000,0x00000000a0fd60c8,0x00000000a4e80000)
 Metaspace       used 34581K, capacity 35196K, committed 35416K, reserved 1079296K
  class space    used 4753K, capacity 4937K, committed 4992K, reserved 1048576K
}
Event: 77.559 GC heap before
{Heap before GC invocations=11 (full 2):
 PSYoungGen      total 175104K, used 162816K [0x00000000e0000000, 0x00000000ee180000, 0x0000000100000000)
  eden space 162816K, 100% used [0x00000000e0000000,0x00000000e9f00000,0x00000000e9f00000)
  from space 12288K, 0% used [0x00000000eab80000,0x00000000eab80000,0x00000000eb780000)
  to   space 12800K, 0% used [0x00000000e9f00000,0x00000000e9f00000,0x00000000eab80000)
 ParOldGen       total 80384K, used 16216K [0x00000000a0000000, 0x00000000a4e80000, 0x00000000e0000000)
  object space 80384K, 20% used [0x00000000a0000000,0x00000000a0fd60c8,0x00000000a4e80000)
 Metaspace       used 49652K, capacity 50800K, committed 51032K, reserved 1093632K
  class space    used 6680K, capacity 6949K, committed 7040K, reserved 1048576K
Event: 77.719 GC heap after
Heap after GC invocations=11 (full 2):
 PSYoungGen      total 175616K, used 12784K [0x00000000e0000000, 0x00000000f0400000, 0x0000000100000000)
  eden space 162816K, 0% used [0x00000000e0000000,0x00000000e0000000,0x00000000e9f00000)
  from space 12800K, 99% used [0x00000000e9f00000,0x00000000eab7c298,0x00000000eab80000)
  to   space 17408K, 0% used [0x00000000ef300000,0x00000000ef300000,0x00000000f0400000)
 ParOldGen       total 80384K, used 23884K [0x00000000a0000000, 0x00000000a4e80000, 0x00000000e0000000)
  object space 80384K, 29% used [0x00000000a0000000,0x00000000a1753050,0x00000000a4e80000)
 Metaspace       used 49652K, capacity 50800K, committed 51032K, reserved 1093632K
  class space    used 6680K, capacity 6949K, committed 7040K, reserved 1048576K
}
Event: 88.423 GC heap before
{Heap before GC invocations=12 (full 2):
 PSYoungGen      total 175616K, used 119086K [0x00000000e0000000, 0x00000000f0400000, 0x0000000100000000)
  eden space 162816K, 65% used [0x00000000e0000000,0x00000000e67cf688,0x00000000e9f00000)
  from space 12800K, 99% used [0x00000000e9f00000,0x00000000eab7c298,0x00000000eab80000)
  to   space 17408K, 0% used [0x00000000ef300000,0x00000000ef300000,0x00000000f0400000)
 ParOldGen       total 80384K, used 23884K [0x00000000a0000000, 0x00000000a4e80000, 0x00000000e0000000)
  object space 80384K, 29% used [0x00000000a0000000,0x00000000a1753050,0x00000000a4e80000)
 Metaspace       used 57379K, capacity 59002K, committed 59028K, reserved 1099776K
  class space    used 7779K, capacity 8186K, committed 8192K, reserved 1048576K
Event: 88.507 GC heap after
Heap after GC invocations=12 (full 2):
 PSYoungGen      total 180224K, used 17403K [0x00000000e0000000, 0x00000000f0400000, 0x0000000100000000)
  eden space 162816K, 0% used [0x00000000e0000000,0x00000000e0000000,0x00000000e9f00000)
  from space 17408K, 99% used [0x00000000ef300000,0x00000000f03fec30,0x00000000f0400000)
  to   space 12800K, 0% used [0x00000000e9f00000,0x00000000e9f00000,0x00000000eab80000)
 ParOldGen       total 80384K, used 27285K [0x00000000a0000000, 0x00000000a4e80000, 0x00000000e0000000)
  object space 80384K, 33% used [0x00000000a0000000,0x00000000a1aa5530,0x00000000a4e80000)
 Metaspace       used 57379K, capacity 59002K, committed 59028K, reserved 1099776K
  class space    used 7779K, capacity 8186K, committed 8192K, reserved 1048576K
}
Event: 88.507 GC heap before
{Heap before GC invocations=13 (full 3):
 PSYoungGen      total 180224K, used 17403K [0x00000000e0000000, 0x00000000f0400000, 0x0000000100000000)
  eden space 162816K, 0% used [0x00000000e0000000,0x00000000e0000000,0x00000000e9f00000)
  from space 17408K, 99% used [0x00000000ef300000,0x00000000f03fec30,0x00000000f0400000)
  to   space 12800K, 0% used [0x00000000e9f00000,0x00000000e9f00000,0x00000000eab80000)
 ParOldGen       total 80384K, used 27285K [0x00000000a0000000, 0x00000000a4e80000, 0x00000000e0000000)
  object space 80384K, 33% used [0x00000000a0000000,0x00000000a1aa5530,0x00000000a4e80000)
 Metaspace       used 57379K, capacity 59002K, committed 59028K, reserved 1099776K
  class space    used 7779K, capacity 8186K, committed 8192K, reserved 1048576K
Event: 88.897 GC heap after
Heap after GC invocations=13 (full 3):
 PSYoungGen      total 180224K, used 0K [0x00000000e0000000, 0x00000000f0400000, 0x0000000100000000)
  eden space 162816K, 0% used [0x00000000e0000000,0x00000000e0000000,0x00000000e9f00000)
  from space 17408K, 0% used [0x00000000ef300000,0x00000000ef300000,0x00000000f0400000)
  to   space 12800K, 0% used [0x00000000e9f00000,0x00000000e9f00000,0x00000000eab80000)
 ParOldGen       total 80384K, used 34285K [0x00000000a0000000, 0x00000000a4e80000, 0x00000000e0000000)
  object space 80384K, 42% used [0x00000000a0000000,0x00000000a217b460,0x00000000a4e80000)
 Metaspace       used 57347K, capacity 58906K, committed 59028K, reserved 1099776K
  class space    used 7769K, capacity 8168K, committed 8192K, reserved 1048576K
}

